2018-12-06T07:42:04.811Z [[32minfo[39m] 	Starting TrueAutomation.IO client
2018-12-06T07:42:04.812Z [[32minfo[39m] 	API key: cf2038a3-013f-4b20-9362-8f0c1b91919d
2018-12-06T07:42:04.812Z [[32minfo[39m] 	Project name: TAEP-homepage
2018-12-06T07:42:04.812Z [[32minfo[39m] 	Cloud server: https://app.trueautomation.io
2018-12-06T07:42:04.812Z [[32minfo[39m] 	Starting chromeDriver /Users/delight/.trueautomation/chromedriver/chromedriver_mac64_2.44 on port 9516...
2018-12-06T07:42:05.271Z [[32minfo[39m] 	TrueAutomation.IO Client is listening on port 9515
2018-12-06T07:42:06.988Z [[32minfo[39m] 	0 Create session response: {"sessionId":"a7aa45bc67f09375dce548b06346601d","status":0,"value":{"acceptInsecureCerts":false,"acceptSslCerts":false,"applicationCacheEnabled":false,"browserConnectionEnabled":false,"browserName":"chrome","chrome":{"chromedriverVersion":"2.44.609545 (c2f88692e98ce7233d2df7c724465ecacfe74df5)","userDataDir":"/var/folders/s2/z5gqzlh91gq2thydw9h4p3yh0000gn/T/.org.chromium.Chromium.zONMRR"},"cssSelectorsEnabled":true,"databaseEnabled":false,"goog:chromeOptions":{"debuggerAddress":"localhost:58445"},"handlesAlerts":true,"hasTouchScreen":false,"javascriptEnabled":true,"locationContextEnabled":true,"mobileEmulationEnabled":false,"nativeEvents":true,"networkConnectionEnabled":false,"pageLoadStrategy":"normal","platform":"Mac OS X","rotatable":false,"setWindowRect":true,"takesHeapSnapshot":true,"takesScreenshot":true,"unexpectedAlertBehaviour":"ignore","version":"70.0.3538.110","webStorageEnabled":true}}
2018-12-06T07:42:07.002Z [[32minfo[39m] 	1 Sending POST request to http://localhost:9516/session/a7aa45bc67f09375dce548b06346601d/url:  {"url":"https://trueautomation.io/"}
2018-12-06T07:42:14.510Z [[32minfo[39m] 	2 Sending elements request to http://localhost:9516/session/a7aa45bc67f09375dce548b06346601d:  {"using":"css selector","value":"__taonly__trueautomationio:home:loginBtn__taonly__"}
2018-12-06T07:42:14.660Z [[32minfo[39m] 	2 Enum nodes response:  {"sessionId":"a7aa45bc67f09375dce548b063
2018-12-06T07:42:14.816Z [[32minfo[39m] 	2 Elements locator: {"value":"/*[1]/*[2]/*[1]/*[1]/*[1]/*[2]/*[1]/*[2]/*[1]","using":"xpath"}
2018-12-06T07:42:14.851Z [[32minfo[39m] 	2 Elements response: {"sessionId":"a7aa45bc67f09375dce548b06346601d","status":0,"value":[{"ELEMENT":"0.24559812574084527-1"}]}
2018-12-06T07:42:14.855Z [[32minfo[39m] 	3 Sending GET request to http://localhost:9516/session/a7aa45bc67f09375dce548b06346601d/element/0.24559812574084527-1/displayed:  {}
2018-12-06T07:42:14.872Z [[32minfo[39m] 	4 Sending POST request to http://localhost:9516/session/a7aa45bc67f09375dce548b06346601d/element/0.24559812574084527-1/click:  {}
2018-12-06T07:42:16.598Z [[32minfo[39m] 	5 Sending elements request to http://localhost:9516/session/a7aa45bc67f09375dce548b06346601d:  {"using":"xpath","value":"./descendant::*[self::input | self::textarea][not(((((((./@type = 'submit') or (./@type = 'image')) or (./@type = 'radio')) or (./@type = 'checkbox')) or (./@type = 'hidden')) or (./@type = 'file')))][((((./@id = '__taonly__trueautomationio:auth:signin:EmailField__taonly__') or (./@name = '__taonly__trueautomationio:auth:signin:EmailField__taonly__')) or (./@placeholder = '__taonly__trueautomationio:auth:signin:EmailField__taonly__')) or (./@id = //label[(normalize-space(string(.)) = '__taonly__trueautomationio:auth:signin:EmailField__taonly__')]/@for))] | .//label[(normalize-space(string(.)) = '__taonly__trueautomationio:auth:signin:EmailField__taonly__')]//./descendant::*[self::input | self::textarea][not(((((((./@type = 'submit') or (./@type = 'image')) or (./@type = 'radio')) or (./@type = 'checkbox')) or (./@type = 'hidden')) or (./@type = 'file')))]"}
2018-12-06T07:42:16.616Z [[32minfo[39m] 	5 Enum nodes response:  {"sessionId":"a7aa45bc67f09375dce548b063
2018-12-06T07:42:16.637Z [[32minfo[39m] 	5 Elements locator: {"value":"/*[1]/*[2]/*[1]/*[2]/*[3]/*[2]/*[1]","using":"xpath"}
2018-12-06T07:42:16.661Z [[32minfo[39m] 	5 Elements response: {"sessionId":"a7aa45bc67f09375dce548b06346601d","status":0,"value":[{"ELEMENT":"0.1490357197730976-1"}]}
2018-12-06T07:42:16.664Z [[32minfo[39m] 	6 Sending GET request to http://localhost:9516/session/a7aa45bc67f09375dce548b06346601d/element/0.1490357197730976-1/displayed:  {}
2018-12-06T07:42:16.681Z [[32minfo[39m] 	7 Sending GET request to http://localhost:9516/session/a7aa45bc67f09375dce548b06346601d/element/0.1490357197730976-1/enabled:  {}
2018-12-06T07:42:16.694Z [[32minfo[39m] 	8 Sending GET request to http://localhost:9516/session/a7aa45bc67f09375dce548b06346601d/element/0.1490357197730976-1/name:  {}
2018-12-06T07:42:16.702Z [[32minfo[39m] 	9 Sending GET request to http://localhost:9516/session/a7aa45bc67f09375dce548b06346601d/element/0.1490357197730976-1/attribute/readonly:  {}
2018-12-06T07:42:16.710Z [[32minfo[39m] 	10 Sending GET request to http://localhost:9516/session/a7aa45bc67f09375dce548b06346601d/element/0.1490357197730976-1/name:  {}
2018-12-06T07:42:16.717Z [[32minfo[39m] 	11 Sending GET request to http://localhost:9516/session/a7aa45bc67f09375dce548b06346601d/element/0.1490357197730976-1/attribute/type:  {}
2018-12-06T07:42:16.727Z [[32minfo[39m] 	12 Sending POST request to http://localhost:9516/session/a7aa45bc67f09375dce548b06346601d/execute:  {"script":"arguments[0].value = ''","args":[{"ELEMENT":"0.1490357197730976-1"}]}
2018-12-06T07:42:16.736Z [[32minfo[39m] 	13 Sending POST request to http://localhost:9516/session/a7aa45bc67f09375dce548b06346601d/element/0.1490357197730976-1/value:  {"value":["stas.odessa@ua.fm"]}
2018-12-06T07:42:16.873Z [[32minfo[39m] 	14 Sending elements request to http://localhost:9516/session/a7aa45bc67f09375dce548b06346601d:  {"using":"xpath","value":"./descendant::*[self::input | self::textarea][not(((((((./@type = 'submit') or (./@type = 'image')) or (./@type = 'radio')) or (./@type = 'checkbox')) or (./@type = 'hidden')) or (./@type = 'file')))][((((./@id = '__taonly__trueautomationio:auth:signin:PasswordField__taonly__') or (./@name = '__taonly__trueautomationio:auth:signin:PasswordField__taonly__')) or (./@placeholder = '__taonly__trueautomationio:auth:signin:PasswordField__taonly__')) or (./@id = //label[(normalize-space(string(.)) = '__taonly__trueautomationio:auth:signin:PasswordField__taonly__')]/@for))] | .//label[(normalize-space(string(.)) = '__taonly__trueautomationio:auth:signin:PasswordField__taonly__')]//./descendant::*[self::input | self::textarea][not(((((((./@type = 'submit') or (./@type = 'image')) or (./@type = 'radio')) or (./@type = 'checkbox')) or (./@type = 'hidden')) or (./@type = 'file')))]"}
2018-12-06T07:42:16.888Z [[32minfo[39m] 	14 Enum nodes response:  {"sessionId":"a7aa45bc67f09375dce548b063
2018-12-06T07:42:16.905Z [[32minfo[39m] 	14 Elements locator: {"value":"/*[1]/*[2]/*[1]/*[2]/*[3]/*[3]/*[1]","using":"xpath"}
2018-12-06T07:42:16.919Z [[32minfo[39m] 	14 Elements response: {"sessionId":"a7aa45bc67f09375dce548b06346601d","status":0,"value":[{"ELEMENT":"0.1490357197730976-2"}]}
2018-12-06T07:42:16.921Z [[32minfo[39m] 	15 Sending GET request to http://localhost:9516/session/a7aa45bc67f09375dce548b06346601d/element/0.1490357197730976-2/displayed:  {}
2018-12-06T07:42:16.936Z [[32minfo[39m] 	16 Sending GET request to http://localhost:9516/session/a7aa45bc67f09375dce548b06346601d/element/0.1490357197730976-2/enabled:  {}
2018-12-06T07:42:16.949Z [[32minfo[39m] 	17 Sending GET request to http://localhost:9516/session/a7aa45bc67f09375dce548b06346601d/element/0.1490357197730976-2/name:  {}
2018-12-06T07:42:16.956Z [[32minfo[39m] 	18 Sending GET request to http://localhost:9516/session/a7aa45bc67f09375dce548b06346601d/element/0.1490357197730976-2/attribute/readonly:  {}
2018-12-06T07:42:16.965Z [[32minfo[39m] 	19 Sending GET request to http://localhost:9516/session/a7aa45bc67f09375dce548b06346601d/element/0.1490357197730976-2/name:  {}
2018-12-06T07:42:16.972Z [[32minfo[39m] 	20 Sending GET request to http://localhost:9516/session/a7aa45bc67f09375dce548b06346601d/element/0.1490357197730976-2/attribute/type:  {}
2018-12-06T07:42:16.981Z [[32minfo[39m] 	21 Sending POST request to http://localhost:9516/session/a7aa45bc67f09375dce548b06346601d/execute:  {"script":"arguments[0].value = ''","args":[{"ELEMENT":"0.1490357197730976-2"}]}
2018-12-06T07:42:16.989Z [[32minfo[39m] 	22 Sending POST request to http://localhost:9516/session/a7aa45bc67f09375dce548b06346601d/element/0.1490357197730976-2/value:  {"value":["7167276Ss"]}
2018-12-06T07:42:17.048Z [[32minfo[39m] 	23 Sending elements request to http://localhost:9516/session/a7aa45bc67f09375dce548b06346601d:  {"using":"css selector","value":"__taonly__trueautomationio:auth:signin:LoginBtn__taonly__"}
2018-12-06T07:42:17.067Z [[32minfo[39m] 	23 Enum nodes response:  {"sessionId":"a7aa45bc67f09375dce548b063
2018-12-06T07:42:17.083Z [[32minfo[39m] 	23 Elements locator: {"value":"/*[1]/*[2]/*[1]/*[2]/*[3]/*[5]","using":"xpath"}
2018-12-06T07:42:17.100Z [[32minfo[39m] 	23 Elements response: {"sessionId":"a7aa45bc67f09375dce548b06346601d","status":0,"value":[{"ELEMENT":"0.1490357197730976-3"}]}
2018-12-06T07:42:17.102Z [[32minfo[39m] 	24 Sending GET request to http://localhost:9516/session/a7aa45bc67f09375dce548b06346601d/element/0.1490357197730976-3/displayed:  {}
2018-12-06T07:42:17.118Z [[32minfo[39m] 	25 Sending POST request to http://localhost:9516/session/a7aa45bc67f09375dce548b06346601d/element/0.1490357197730976-3/click:  {}
2018-12-06T07:42:21.101Z [[32minfo[39m] 	26 Sending elements request to http://localhost:9516/session/a7aa45bc67f09375dce548b06346601d:  {"using":"xpath","value":"/html"}
2018-12-06T07:42:21.101Z [[32minfo[39m] 	26 Elements locator: {"value":"/html","using":"xpath"}
2018-12-06T07:42:21.136Z [[32minfo[39m] 	26 Elements response: {"sessionId":"a7aa45bc67f09375dce548b06346601d","status":0,"value":[{"ELEMENT":"0.6254117729888602-1"}]}
2018-12-06T07:42:21.138Z [[32minfo[39m] 	27 Sending GET request to http://localhost:9516/session/a7aa45bc67f09375dce548b06346601d/element/0.6254117729888602-1/displayed:  {}
2018-12-06T07:42:21.166Z [[32minfo[39m] 	28 Sending GET request to http://localhost:9516/session/a7aa45bc67f09375dce548b06346601d/element/0.6254117729888602-1/text:  {}
2018-12-06T07:42:21.226Z [[32minfo[39m] 	29 Sending GET request to http://localhost:9516/session/a7aa45bc67f09375dce548b06346601d/window_handles:  {}
2018-12-06T07:42:21.231Z [[32minfo[39m] 	30 Sending POST request to http://localhost:9516/session/a7aa45bc67f09375dce548b06346601d/window:  {"name":"CDwindow-C8E5B4B6B153ED5AA030C9C10DF27B74"}
2018-12-06T07:42:21.237Z [[32minfo[39m] 	31 Sending GET request to http://localhost:9516/session/a7aa45bc67f09375dce548b06346601d/window_handles:  {}
2018-12-06T07:42:21.244Z [[32minfo[39m] 	32 Sending POST request to http://localhost:9516/session/a7aa45bc67f09375dce548b06346601d/goog/cdp/execute:  {"cmd":"Network.clearBrowserCookies","params":{}}
2018-12-06T07:42:21.255Z [[32minfo[39m] 	33 Sending DELETE request to http://localhost:9516/session/a7aa45bc67f09375dce548b06346601d/session_storage:  {}
2018-12-06T07:42:21.262Z [[32minfo[39m] 	34 Sending DELETE request to http://localhost:9516/session/a7aa45bc67f09375dce548b06346601d/local_storage:  {}
2018-12-06T07:42:21.269Z [[32minfo[39m] 	35 Sending POST request to http://localhost:9516/session/a7aa45bc67f09375dce548b06346601d/url:  {"url":"about:blank"}
2018-12-06T07:42:21.301Z [[32minfo[39m] 	36 Sending elements request to http://localhost:9516/session/a7aa45bc67f09375dce548b06346601d:  {"using":"xpath","value":"/html/body/*"}
2018-12-06T07:42:21.302Z [[32minfo[39m] 	36 Elements locator: {"value":"/html/body/*","using":"xpath"}
2018-12-06T07:42:21.319Z [[32minfo[39m] 	36 Elements response: {"sessionId":"a7aa45bc67f09375dce548b06346601d","status":0,"value":[]}
2018-12-06T07:42:21.324Z [[32minfo[39m] 	37 Sending DELETE request to http://localhost:9516/session/a7aa45bc67f09375dce548b06346601d:  {}
2018-12-06T07:42:21.452Z [[32minfo[39m] 	Sync elements
2018-12-06T07:42:22.451Z [[32minfo[39m] 	Stopping driver
